0 info it worked if it ends with ok
1 verbose cli [ 'C:\\Program Files\\IBM\\node\\node.exe',
1 verbose cli   'C:\\Program Files\\IBM\\node\\node_modules\\npm\\bin\\npm-cli.js',
1 verbose cli   'start' ]
2 info using npm@3.10.10
3 info using node@v6.9.5
4 verbose run-script [ 'prestart', 'start', 'poststart' ]
5 info lifecycle node-ang2-seed@1.0.0~prestart: node-ang2-seed@1.0.0
6 silly lifecycle node-ang2-seed@1.0.0~prestart: no script for prestart, continuing
7 info lifecycle node-ang2-seed@1.0.0~start: node-ang2-seed@1.0.0
8 verbose lifecycle node-ang2-seed@1.0.0~start: unsafe-perm in lifecycle true
9 verbose lifecycle node-ang2-seed@1.0.0~start: PATH: C:\Program Files\IBM\node\node_modules\npm\bin\node-gyp-bin;C:\Users\IBM_ADMIN\Documents\Prototypes\node_ang_seed1\node_modules\.bin;C:\windows\system32;C:\windows;C:\windows\System32\Wbem;C:\windows\System32\WindowsPowerShell\v1.0\;C:\Program Files\IBM\Infoprint Select;C:\Program Files\ThinkPad\Bluetooth Software\;C:\Program Files\ThinkPad\Bluetooth Software\syswow64;C:\PROGRA~1\IBM\SQLLIB\BIN;C:\PROGRA~1\IBM\SQLLIB\FUNCTION;C:\PROGRA~1\IBM\SQLLIB\SAMPLES\REPL;C:\Program Files (x86)\Brackets\command;C:\Users\IBM_ADMIN\AppData\Roaming\npm;C:\Users\IBM_ADMIN\Documents\MyIBM\NodeJS\openssl\openssl.exe;C:\Program Files\Git\bin;C:\Program Files\IBM\Java80\bin;C:\grails-3.2.3\bin;C:\php-7.0.5;C:\ProgramData\ComposerSetup\bin;C:\apache-maven-3.3.9\bin;C:\Program Files\Cloud Foundry;C:\Program Files (x86)\Skype\Phone\;C:\Program Files (x86)\Teamstudio\Notes Tools\bin\;C:\windows\system32;C:\windows;C:\windows\System32\Wbem;C:\windows\System32\WindowsPowerShell\v1.0\;C:\Program Files\IBM\Infoprint Select;C:\Program Files\ThinkPad\Bluetooth Software\;C:\Program Files\ThinkPad\Bluetooth Software\syswow64;C:\Program Files (x86)\Skype\Phone\;C:\PROGRA~1\IBM\SQLLIB\BIN;C:\PROGRA~1\IBM\SQLLIB\FUNCTION;C:\PROGRA~1\IBM\SQLLIB\SAMPLES\REPL;C:\Program Files (x86)\Brackets\command;C:\Users\IBM_ADMIN\AppData\Roaming\npm;C:\Program Files\Cloud Foundry;C:\Users\IBM_ADMIN\Documents\MyIBM\NodeJS\openssl\openssl.exe;C:\Program Files\Git\bin;C:\Program Files\IBM\Java80\bin;C:\grails-3.2.3\bin;C:\php-7.0.5;C:\ProgramData\ComposerSetup\bin;C:\apache-maven-3.3.9\bin;C:\gradle-3.1\bin;C:\Program Files\IBM\node;C:\Program Files (x86)\Microsoft VS Code\bin
10 verbose lifecycle node-ang2-seed@1.0.0~start: CWD: C:\Users\IBM_ADMIN\Documents\Prototypes\node_ang_seed1
11 silly lifecycle node-ang2-seed@1.0.0~start: Args: [ '/d /s /c',
11 silly lifecycle   'concurrently "npm run tsc:w" "npm run lite-server" ' ]
12 silly lifecycle node-ang2-seed@1.0.0~start: Returned: code: 1  signal: null
13 info lifecycle node-ang2-seed@1.0.0~start: Failed to exec start script
14 verbose stack Error: node-ang2-seed@1.0.0 start: `concurrently "npm run tsc:w" "npm run lite-server" `
14 verbose stack Exit status 1
14 verbose stack     at EventEmitter.<anonymous> (C:\Program Files\IBM\node\node_modules\npm\lib\utils\lifecycle.js:255:16)
14 verbose stack     at emitTwo (events.js:106:13)
14 verbose stack     at EventEmitter.emit (events.js:191:7)
14 verbose stack     at ChildProcess.<anonymous> (C:\Program Files\IBM\node\node_modules\npm\lib\utils\spawn.js:40:14)
14 verbose stack     at emitTwo (events.js:106:13)
14 verbose stack     at ChildProcess.emit (events.js:191:7)
14 verbose stack     at maybeClose (internal/child_process.js:877:16)
14 verbose stack     at Process.ChildProcess._handle.onexit (internal/child_process.js:226:5)
15 verbose pkgid node-ang2-seed@1.0.0
16 verbose cwd C:\Users\IBM_ADMIN\Documents\Prototypes\node_ang_seed1
17 error Windows_NT 6.1.7601
18 error argv "C:\\Program Files\\IBM\\node\\node.exe" "C:\\Program Files\\IBM\\node\\node_modules\\npm\\bin\\npm-cli.js" "start"
19 error node v6.9.5
20 error npm  v3.10.10
21 error code ELIFECYCLE
22 error node-ang2-seed@1.0.0 start: `concurrently "npm run tsc:w" "npm run lite-server" `
22 error Exit status 1
23 error Failed at the node-ang2-seed@1.0.0 start script 'concurrently "npm run tsc:w" "npm run lite-server" '.
23 error Make sure you have the latest version of node.js and npm installed.
23 error If you do, this is most likely a problem with the node-ang2-seed package,
23 error not with npm itself.
23 error Tell the author that this fails on your system:
23 error     concurrently "npm run tsc:w" "npm run lite-server"
23 error You can get information on how to open an issue for this project with:
23 error     npm bugs node-ang2-seed
23 error Or if that isn't available, you can get their info via:
23 error     npm owner ls node-ang2-seed
23 error There is likely additional logging output above.
24 verbose exit [ 1, true ]
